<?xml version="1.0" encoding="UTF-8"?>
<testng-results skipped="0" failed="0" ignored="0" total="5" passed="5">
  <reporter-output>
  </reporter-output>
  <suite name="FinalProjectVersion3" duration-ms="4438" started-at="2020-09-24T19:37:57Z" finished-at="2020-09-24T19:38:01Z">
    <groups>
    </groups>
    <test name="Login Test" duration-ms="1230" started-at="2020-09-24T19:37:57Z" finished-at="2020-09-24T19:37:58Z">
      <class name="testcases.TestCase001_verifyLogin">
        <test-method status="PASS" signature="verifylogin(java.lang.String, java.lang.String)[pri:0, instance:testcases.TestCase001_verifyLogin@6ab7a896]" name="verifylogin" duration-ms="611" started-at="2020-09-24T15:37:57Z" data-provider="logindata" finished-at="2020-09-24T15:37:58Z">
          <params>
            <param index="0">
              <value>
                <![CDATA[username]]>
              </value>
            </param>
            <param index="1">
              <value>
                <![CDATA[password]]>
              </value>
            </param>
          </params>
          <reporter-output>
          </reporter-output>
        </test-method> <!-- verifylogin -->
      </class> <!-- testcases.TestCase001_verifyLogin -->
    </test> <!-- Login Test -->
    <test name="Verify Add Payee Test" duration-ms="1014" started-at="2020-09-24T19:37:58Z" finished-at="2020-09-24T19:37:59Z">
      <class name="testcases.TestCase002_verifyAddPayee">
        <test-method status="PASS" signature="verifyAddPayee(java.lang.String, java.lang.String, java.lang.String, java.lang.String)[pri:0, instance:testcases.TestCase002_verifyAddPayee@2aa3cd93]" name="verifyAddPayee" duration-ms="970" started-at="2020-09-24T15:37:58Z" data-provider="payeedata" finished-at="2020-09-24T15:37:59Z">
          <params>
            <param index="0">
              <value>
                <![CDATA[HydroOne Utility]]>
              </value>
            </param>
            <param index="1">
              <value>
                <![CDATA[200 RoberSpec Pkwy, Mississauga, ON L6R1K9]]>
              </value>
            </param>
            <param index="2">
              <value>
                <![CDATA[123234434]]>
              </value>
            </param>
            <param index="3">
              <value>
                <![CDATA[Natural Gas Utility]]>
              </value>
            </param>
          </params>
          <reporter-output>
          </reporter-output>
        </test-method> <!-- verifyAddPayee -->
      </class> <!-- testcases.TestCase002_verifyAddPayee -->
    </test> <!-- Verify Add Payee Test -->
    <test name="Verify Transfer Fund Test" duration-ms="633" started-at="2020-09-24T19:37:59Z" finished-at="2020-09-24T19:38:00Z">
      <class name="testcases.TestCase003_verifyTransferFund">
        <test-method status="PASS" signature="verifyTransferFund(java.lang.String, java.lang.String, java.lang.String, java.lang.String)[pri:0, instance:testcases.TestCase003_verifyTransferFund@501edcf1]" name="verifyTransferFund" duration-ms="592" started-at="2020-09-24T15:37:59Z" data-provider="transferfunddata" finished-at="2020-09-24T15:38:00Z">
          <params>
            <param index="0">
              <value>
                <![CDATA[1]]>
              </value>
            </param>
            <param index="1">
              <value>
                <![CDATA[2]]>
              </value>
            </param>
            <param index="2">
              <value>
                <![CDATA[300]]>
              </value>
            </param>
            <param index="3">
              <value>
                <![CDATA[August Transfer]]>
              </value>
            </param>
          </params>
          <reporter-output>
          </reporter-output>
        </test-method> <!-- verifyTransferFund -->
      </class> <!-- testcases.TestCase003_verifyTransferFund -->
    </test> <!-- Verify Transfer Fund Test -->
    <test name="Verify Pay Bills Test" duration-ms="712" started-at="2020-09-24T19:38:00Z" finished-at="2020-09-24T19:38:00Z">
      <class name="testcases.TestCase004_verifyPayBills">
        <test-method status="PASS" signature="verifyPayBills(java.lang.String, java.lang.String, java.lang.String, java.lang.String, java.lang.String)[pri:0, instance:testcases.TestCase004_verifyPayBills@1df82230]" name="verifyPayBills" duration-ms="671" started-at="2020-09-24T15:38:00Z" data-provider="paybilldata" finished-at="2020-09-24T15:38:00Z">
          <params>
            <param index="0">
              <value>
                <![CDATA[wellsfargo]]>
              </value>
            </param>
            <param index="1">
              <value>
                <![CDATA[1]]>
              </value>
            </param>
            <param index="2">
              <value>
                <![CDATA[300]]>
              </value>
            </param>
            <param index="3">
              <value>
                <![CDATA[2020-08-20]]>
              </value>
            </param>
            <param index="4">
              <value>
                <![CDATA[payment for mortgage]]>
              </value>
            </param>
          </params>
          <reporter-output>
          </reporter-output>
        </test-method> <!-- verifyPayBills -->
      </class> <!-- testcases.TestCase004_verifyPayBills -->
    </test> <!-- Verify Pay Bills Test -->
    <test name="Verify Online Statement Download Test" duration-ms="828" started-at="2020-09-24T19:38:00Z" finished-at="2020-09-24T19:38:01Z">
      <class name="testcases.TestCase005_verifyOnlineStatementDownload">
        <test-method status="PASS" signature="init()[pri:0, instance:testcases.TestCase005_verifyOnlineStatementDownload@4c15e7fd]" name="init" is-config="true" duration-ms="7873" started-at="2020-09-24T15:37:49Z" finished-at="2020-09-24T15:37:57Z">
          <reporter-output>
          </reporter-output>
        </test-method> <!-- init -->
        <test-method status="PASS" signature="verifyOnlineStatement(java.lang.String, java.lang.String, java.lang.String)[pri:0, instance:testcases.TestCase005_verifyOnlineStatementDownload@4c15e7fd]" name="verifyOnlineStatement" duration-ms="773" started-at="2020-09-24T15:38:00Z" data-provider="statementdownload" finished-at="2020-09-24T15:38:01Z">
          <params>
            <param index="0">
              <value>
                <![CDATA[3]]>
              </value>
            </param>
            <param index="1">
              <value>
                <![CDATA[//a[@href='#os_2011']]]>
              </value>
            </param>
            <param index="2">
              <value>
                <![CDATA[//a[@href='/bank/online-statements-by-name.html?name=8534567-05-12-11.pdf']]]>
              </value>
            </param>
          </params>
          <reporter-output>
          </reporter-output>
        </test-method> <!-- verifyOnlineStatement -->
        <test-method status="PASS" signature="tearDown()[pri:0, instance:testcases.TestCase005_verifyOnlineStatementDownload@4c15e7fd]" name="tearDown" is-config="true" duration-ms="854" started-at="2020-09-24T15:38:01Z" finished-at="2020-09-24T15:38:02Z">
          <reporter-output>
          </reporter-output>
        </test-method> <!-- tearDown -->
      </class> <!-- testcases.TestCase005_verifyOnlineStatementDownload -->
    </test> <!-- Verify Online Statement Download Test -->
  </suite> <!-- FinalProjectVersion3 -->
</testng-results>
